<?xml version="1.0" encoding="UTF-8"?>
<testng-results skipped="0" failed="1" ignored="0" total="1" passed="0">
  <reporter-output>
  </reporter-output>
  <suite name="Default suite" duration-ms="20762" started-at="2019-08-30T11:49:29Z" finished-at="2019-08-30T11:49:50Z">
    <groups>
    </groups>
    <test name="Default test" duration-ms="20762" started-at="2019-08-30T11:49:29Z" finished-at="2019-08-30T11:49:50Z">
      <class name="com.bbb.hybrid.testcases.CreateAccountTestcase">
        <test-method status="FAIL" signature="CreateAccountTC()[pri:0, instance:com.bbb.hybrid.testcases.CreateAccountTestcase@5ae9a829]" name="CreateAccountTC" duration-ms="19671" started-at="2019-08-30T17:19:29Z" finished-at="2019-08-30T17:19:49Z">
          <exception class="java.lang.IllegalArgumentException">
            <message>
              <![CDATA[Cannot find elements when the XPath is null.]]>
            </message>
            <full-stacktrace>
              <![CDATA[java.lang.IllegalArgumentException: Cannot find elements when the XPath is null.
	at org.openqa.selenium.By.xpath(By.java:113)
	at com.bbb.hybrid.BaseClass.getElement(BaseClass.java:87)
	at com.bbb.hybrid.BaseClass.click(BaseClass.java:110)
	at com.bbb.hybrid.testcases.CreateAccountTestcase.CreateAccountTC(CreateAccountTestcase.java:31)
	at sun.reflect.NativeMethodAccessorImpl.invoke0(Native Method)
	at sun.reflect.NativeMethodAccessorImpl.invoke(NativeMethodAccessorImpl.java:62)
	at sun.reflect.DelegatingMethodAccessorImpl.invoke(DelegatingMethodAccessorImpl.java:43)
	at java.lang.reflect.Method.invoke(Method.java:498)
	at org.testng.internal.MethodInvocationHelper.invokeMethod(MethodInvocationHelper.java:104)
	at org.testng.internal.Invoker.invokeMethod(Invoker.java:645)
	at org.testng.internal.Invoker.invokeTestMethod(Invoker.java:851)
	at org.testng.internal.Invoker.invokeTestMethods(Invoker.java:1177)
	at org.testng.internal.TestMethodWorker.invokeTestMethods(TestMethodWorker.java:129)
	at org.testng.internal.TestMethodWorker.run(TestMethodWorker.java:112)
	at org.testng.TestRunner.privateRun(TestRunner.java:756)
	at org.testng.TestRunner.run(TestRunner.java:610)
	at org.testng.SuiteRunner.runTest(SuiteRunner.java:387)
	at org.testng.SuiteRunner.runSequentially(SuiteRunner.java:382)
	at org.testng.SuiteRunner.privateRun(SuiteRunner.java:340)
	at org.testng.SuiteRunner.run(SuiteRunner.java:289)
	at org.testng.SuiteRunnerWorker.runSuite(SuiteRunnerWorker.java:52)
	at org.testng.SuiteRunnerWorker.run(SuiteRunnerWorker.java:86)
	at org.testng.TestNG.runSuitesSequentially(TestNG.java:1293)
	at org.testng.TestNG.runSuitesLocally(TestNG.java:1218)
	at org.testng.TestNG.runSuites(TestNG.java:1133)
	at org.testng.TestNG.run(TestNG.java:1104)
	at org.testng.remote.AbstractRemoteTestNG.run(AbstractRemoteTestNG.java:114)
	at org.testng.remote.RemoteTestNG.initAndRun(RemoteTestNG.java:251)
	at org.testng.remote.RemoteTestNG.main(RemoteTestNG.java:77)
]]>
            </full-stacktrace>
          </exception> <!-- java.lang.IllegalArgumentException -->
          <reporter-output>
          </reporter-output>
        </test-method> <!-- CreateAccountTC -->
        <test-method status="PASS" signature="teardown()[pri:0, instance:com.bbb.hybrid.testcases.CreateAccountTestcase@5ae9a829]" name="teardown" is-config="true" duration-ms="1055" started-at="2019-08-30T17:19:49Z" finished-at="2019-08-30T17:19:50Z">
          <reporter-output>
          </reporter-output>
        </test-method> <!-- teardown -->
      </class> <!-- com.bbb.hybrid.testcases.CreateAccountTestcase -->
    </test> <!-- Default test -->
  </suite> <!-- Default suite -->
</testng-results>
